CardSample/app/build/intermediates/manifest_merge_blame_file/debug/manifest-merger-blame-debug-report.txt
1<?xml version="1.0" encoding="utf-8"?>
2<!--
3 Copyright 2019 Google LLC
4
5 Licensed under the Apache License, Version 2.0 (the "License");
6 you may not use this file except in compliance with the License.
7 You may obtain a copy of the License at
8
9     http://www.apache.org/licenses/LICENSE-2.0
10
11 Unless required by applicable law or agreed to in writing, software
12 distributed under the License is distributed on an "AS IS" BASIS,
13 WITHOUT WARRANTIES OR CONDITIONS OF ANY KIND, either express or implied.
14 See the License for the specific language governing permissions and
15 limitations under the License.
16-->
17<manifest xmlns:android="http://schemas.android.com/apk/res/android"
18    package="com.example.android.glass.cardsample"
19    android:versionCode="1"
20    android:versionName="1.0" >
21
22    <uses-sdk
23        android:minSdkVersion="27"
23-->src\main\AndroidManifest.xml
24        android:targetSdkVersion="28" />
24-->src\main\AndroidManifest.xml
25
26    <uses-permission android:name="android.permission.INTERNET" />
26-->src\main\AndroidManifest.xml:20:3-65
26-->src\main\AndroidManifest.xml:20:20-62
27
28    <application
28-->src\main\AndroidManifest.xml:21:3-78:17
29        android:allowBackup="true"
29-->src\main\AndroidManifest.xml:22:7-33
30        android:appComponentFactory="androidx.core.app.CoreComponentFactory"
30-->[androidx.core:core:1.3.1] AndroidManifest.xml:24:18-86
31        android:debuggable="true"
32        android:extractNativeLibs="false"
33        android:icon="@mipmap/ic_launcher"
33-->src\main\AndroidManifest.xml:23:7-41
34        android:label="Looker"
34-->src\main\AndroidManifest.xml:24:7-29
35        android:roundIcon="@mipmap/ic_launcher"
35-->src\main\AndroidManifest.xml:25:7-46
36        android:supportsRtl="true"
36-->src\main\AndroidManifest.xml:26:7-33
37        android:testOnly="true"
38        android:theme="@style/AppTheme" >
38-->src\main\AndroidManifest.xml:27:7-38
39
40        <!--
41      Changes Glass touchpad response from the following key strokes:
42        - Enter
43        - Tab
44        - Shift + Tab
45        - Back button
46        - Home button
47        - Arrows
48      to the motion events, enabling this app to use the touch gestures.
49        -->
50        <meta-data
50-->src\main\AndroidManifest.xml:38:5-40:32
51            android:name="com.google.android.glass.TouchEnabledApplication"
51-->src\main\AndroidManifest.xml:39:9-72
52            android:value="true" />
52-->src\main\AndroidManifest.xml:40:9-29
53
54        <activity android:name="com.example.android.glass.cardsample.MainActivity" >
54-->src\main\AndroidManifest.xml:42:5-49:16
54-->src\main\AndroidManifest.xml:42:15-79
55            <intent-filter>
55-->src\main\AndroidManifest.xml:43:7-48:23
56                <action android:name="android.intent.action.MAIN" />
56-->src\main\AndroidManifest.xml:44:9-60
56-->src\main\AndroidManifest.xml:44:17-58
57
58                <category android:name="android.intent.category.LAUNCHER" />
58-->src\main\AndroidManifest.xml:46:9-68
58-->src\main\AndroidManifest.xml:46:19-66
59                <category android:name="com.google.android.glass.category.DIRECTORY" />
59-->src\main\AndroidManifest.xml:47:9-79
59-->src\main\AndroidManifest.xml:47:19-77
60            </intent-filter>
61        </activity>
62        <activity android:name="com.example.android.glass.cardsample.fragments.DashboardTiles" >
62-->src\main\AndroidManifest.xml:51:5-58:16
62-->src\main\AndroidManifest.xml:51:15-91
63
64            <!-- <intent-filter> -->
65            <!-- <action android:name="android.intent.action.MAIN"/> -->
66
67
68            <!-- <category android:name="android.intent.category.LAUNCHER"/> -->
69            <!-- <category android:name="com.google.android.glass.category.DIRECTORY"/> -->
70            <!-- </intent-filter> -->
71        </activity>
72        <activity android:name="com.example.android.glass.cardsample.fragments.DashboardContent" >
72-->src\main\AndroidManifest.xml:60:5-67:16
72-->src\main\AndroidManifest.xml:60:15-93
73
74            <!-- <intent-filter> -->
75            <!-- <action android:name="android.intent.action.MAIN"/> -->
76
77
78            <!-- <category android:name="android.intent.category.LAUNCHER"/> -->
79            <!-- <category android:name="com.google.android.glass.category.DIRECTORY"/> -->
80            <!-- </intent-filter> -->
81        </activity>
82        <activity
82-->src\main\AndroidManifest.xml:69:5-77:16
83            android:name="com.example.android.glass.cardsample.menu.MenuActivity"
83-->src\main\AndroidManifest.xml:70:9-78
84            android:theme="@style/MenuTheme" >
84-->src\main\AndroidManifest.xml:71:9-41
85            <intent-filter>
85-->src\main\AndroidManifest.xml:72:7-76:23
86                <action android:name="android.intent.action.MAIN" />
86-->src\main\AndroidManifest.xml:44:9-60
86-->src\main\AndroidManifest.xml:44:17-58
87
88                <category android:name="android.intent.category.DEFAULT" />
88-->src\main\AndroidManifest.xml:75:9-67
88-->src\main\AndroidManifest.xml:75:19-65
89            </intent-filter>
90        </activity>
91    </application>
92
93</manifest>